[2019-02-15 13:18:12] Текст ошибки: Страница не найдена | Файл: /Applications/XAMPP/xamppfiles/docs/ishop2.loc/public/index.php | Строка: 8
---------------------
[2019-02-15 13:18:36] Текст ошибки: Страница не найдена | Файл: /Applications/XAMPP/xamppfiles/docs/ishop2.loc/public/index.php | Строка: 8
---------------------
[2019-02-15 13:18:47] Текст ошибки: Страница не найдена | Файл: /Applications/XAMPP/xamppfiles/docs/ishop2.loc/public/index.php | Строка: 8
---------------------
[2019-02-15 13:18:54] Текст ошибки: Страница не найдена | Файл: /Applications/XAMPP/xamppfiles/docs/ishop2.loc/public/index.php | Строка: 8
---------------------
[2019-02-15 13:19:12] Текст ошибки: Страница не найдена | Файл: /Applications/XAMPP/xamppfiles/docs/ishop2.loc/public/index.php | Строка: 8
---------------------
[2019-02-15 13:19:23] Текст ошибки: Страница не найдена | Файл: /Applications/XAMPP/xamppfiles/docs/ishop2.loc/public/index.php | Строка: 8
---------------------
[2019-02-15 13:21:36] Текст ошибки: Страница не найдена | Файл: /Applications/XAMPP/xamppfiles/docs/ishop2.loc/public/index.php | Строка: 8
---------------------
[2019-02-15 13:21:36] Текст ошибки: Страница не найдена | Файл: /Applications/XAMPP/xamppfiles/docs/ishop2.loc/public/index.php | Строка: 8
---------------------
[2019-02-15 13:21:37] Текст ошибки: Страница не найдена | Файл: /Applications/XAMPP/xamppfiles/docs/ishop2.loc/public/index.php | Строка: 8
---------------------
[2019-02-15 13:23:45] Текст ошибки: Страница не найдена | Файл: /Applications/XAMPP/xamppfiles/docs/ishop2.loc/public/index.php | Строка: 8
---------------------
[2019-02-15 13:23:46] Текст ошибки: Страница не найдена | Файл: /Applications/XAMPP/xamppfiles/docs/ishop2.loc/public/index.php | Строка: 8
---------------------
[2019-02-15 13:23:46] Текст ошибки: Страница не найдена | Файл: /Applications/XAMPP/xamppfiles/docs/ishop2.loc/public/index.php | Строка: 8
---------------------
[2019-02-15 13:23:47] Текст ошибки: Страница не найдена | Файл: /Applications/XAMPP/xamppfiles/docs/ishop2.loc/public/index.php | Строка: 8
---------------------
[2019-02-15 13:23:55] Текст ошибки: Страница не найдена | Файл: /Applications/XAMPP/xamppfiles/docs/ishop2.loc/public/index.php | Строка: 8
---------------------
[2019-02-15 13:24:16] Текст ошибки: Страница не найдена | Файл: /Applications/XAMPP/xamppfiles/docs/ishop2.loc/public/index.php | Строка: 8
---------------------
[2019-02-15 13:24:17] Текст ошибки: Страница не найдена | Файл: /Applications/XAMPP/xamppfiles/docs/ishop2.loc/public/index.php | Строка: 8
---------------------
[2019-02-15 13:24:49] Текст ошибки: Страница не найдена | Файл: /Applications/XAMPP/xamppfiles/docs/ishop2.loc/public/index.php | Строка: 8
---------------------
[2019-02-15 13:26:06] Текст ошибки: Страница не найдена | Файл: /Applications/XAMPP/xamppfiles/docs/ishop2.loc/public/index.php | Строка: 8
---------------------
[2019-02-15 13:26:06] Текст ошибки: Страница не найдена | Файл: /Applications/XAMPP/xamppfiles/docs/ishop2.loc/public/index.php | Строка: 8
---------------------
[2019-02-15 13:26:11] Текст ошибки: Страница не найдена | Файл: /Applications/XAMPP/xamppfiles/docs/ishop2.loc/public/index.php | Строка: 8
---------------------
[2019-02-15 14:18:49] Текст ошибки: Too few arguments to function ishop\Router::matchRoute(), 0 passed in /Applications/XAMPP/xamppfiles/docs/ishop2.loc/vendor/ishop/core/Router.php on line 34 and exactly 1 expected | Файл: /Applications/XAMPP/xamppfiles/docs/ishop2.loc/vendor/ishop/core/Router.php | Строка: 41
---------------------
[2019-02-15 14:18:51] Текст ошибки: Too few arguments to function ishop\Router::matchRoute(), 0 passed in /Applications/XAMPP/xamppfiles/docs/ishop2.loc/vendor/ishop/core/Router.php on line 34 and exactly 1 expected | Файл: /Applications/XAMPP/xamppfiles/docs/ishop2.loc/vendor/ishop/core/Router.php | Строка: 41
---------------------
[2019-02-15 14:18:57] Текст ошибки: Too few arguments to function ishop\Router::matchRoute(), 0 passed in /Applications/XAMPP/xamppfiles/docs/ishop2.loc/vendor/ishop/core/Router.php on line 34 and exactly 1 expected | Файл: /Applications/XAMPP/xamppfiles/docs/ishop2.loc/vendor/ishop/core/Router.php | Строка: 41
---------------------
[2019-02-15 14:19:21] Текст ошибки: Too few arguments to function ishop\Router::matchRoute(), 0 passed in /Applications/XAMPP/xamppfiles/docs/ishop2.loc/vendor/ishop/core/Router.php on line 34 and exactly 1 expected | Файл: /Applications/XAMPP/xamppfiles/docs/ishop2.loc/vendor/ishop/core/Router.php | Строка: 41
---------------------
[2019-02-15 14:19:22] Текст ошибки: Too few arguments to function ishop\Router::matchRoute(), 0 passed in /Applications/XAMPP/xamppfiles/docs/ishop2.loc/vendor/ishop/core/Router.php on line 34 and exactly 1 expected | Файл: /Applications/XAMPP/xamppfiles/docs/ishop2.loc/vendor/ishop/core/Router.php | Строка: 41
---------------------
[2019-02-15 14:19:22] Текст ошибки: Too few arguments to function ishop\Router::matchRoute(), 0 passed in /Applications/XAMPP/xamppfiles/docs/ishop2.loc/vendor/ishop/core/Router.php on line 34 and exactly 1 expected | Файл: /Applications/XAMPP/xamppfiles/docs/ishop2.loc/vendor/ishop/core/Router.php | Строка: 41
---------------------
[2019-02-15 14:29:08] Текст ошибки: Страница не найдена | Файл: /Applications/XAMPP/xamppfiles/docs/ishop2.loc/vendor/ishop/core/Router.php | Строка: 37
---------------------
[2019-02-15 14:45:04] Текст ошибки: Страница не найдена | Файл: /Applications/XAMPP/xamppfiles/docs/ishop2.loc/vendor/ishop/core/Router.php | Строка: 37
---------------------
[2019-02-15 14:46:45] Текст ошибки: Контроллер {app\controllers\PageController} не найден | Файл: /Applications/XAMPP/xamppfiles/docs/ishop2.loc/vendor/ishop/core/Router.php | Строка: 39
---------------------
[2019-02-15 14:51:11] Текст ошибки: Контроллер {app\controllers\PageController} не найден | Файл: /Applications/XAMPP/xamppfiles/docs/ishop2.loc/vendor/ishop/core/Router.php | Строка: 40
---------------------
[2019-02-15 14:51:11] Текст ошибки: Контроллер {app\controllers\PageController} не найден | Файл: /Applications/XAMPP/xamppfiles/docs/ishop2.loc/vendor/ishop/core/Router.php | Строка: 40
---------------------
[2019-02-15 14:51:12] Текст ошибки: Контроллер {app\controllers\PageController} не найден | Файл: /Applications/XAMPP/xamppfiles/docs/ishop2.loc/vendor/ishop/core/Router.php | Строка: 40
---------------------
[2019-02-15 14:51:12] Текст ошибки: Контроллер {app\controllers\PageController} не найден | Файл: /Applications/XAMPP/xamppfiles/docs/ishop2.loc/vendor/ishop/core/Router.php | Строка: 40
---------------------
[2019-02-15 14:51:12] Текст ошибки: Контроллер {app\controllers\PageController} не найден | Файл: /Applications/XAMPP/xamppfiles/docs/ishop2.loc/vendor/ishop/core/Router.php | Строка: 40
---------------------
[2019-02-15 14:51:13] Текст ошибки: Контроллер {app\controllers\PageController} не найден | Файл: /Applications/XAMPP/xamppfiles/docs/ishop2.loc/vendor/ishop/core/Router.php | Строка: 40
---------------------
[2019-02-15 14:51:18] Текст ошибки: Контроллер {app\controllers\MainController} не найден | Файл: /Applications/XAMPP/xamppfiles/docs/ishop2.loc/vendor/ishop/core/Router.php | Строка: 40
---------------------
[2019-02-15 14:51:28] Текст ошибки: Class 'app\controllers\MainController' not found | Файл: /Applications/XAMPP/xamppfiles/docs/ishop2.loc/vendor/ishop/core/Router.php | Строка: 37
---------------------
[2019-02-15 14:51:29] Текст ошибки: Class 'app\controllers\MainController' not found | Файл: /Applications/XAMPP/xamppfiles/docs/ishop2.loc/vendor/ishop/core/Router.php | Строка: 37
---------------------
[2019-02-15 14:51:29] Текст ошибки: Class 'app\controllers\MainController' not found | Файл: /Applications/XAMPP/xamppfiles/docs/ishop2.loc/vendor/ishop/core/Router.php | Строка: 37
---------------------
[2019-02-15 14:51:29] Текст ошибки: Class 'app\controllers\MainController' not found | Файл: /Applications/XAMPP/xamppfiles/docs/ishop2.loc/vendor/ishop/core/Router.php | Строка: 37
---------------------
[2019-02-15 14:53:19] Текст ошибки: Контроллер {app\controllers\PageController} не найден | Файл: /Applications/XAMPP/xamppfiles/docs/ishop2.loc/vendor/ishop/core/Router.php | Строка: 45
---------------------
[2019-02-15 14:53:19] Текст ошибки: Контроллер {app\controllers\PageController} не найден | Файл: /Applications/XAMPP/xamppfiles/docs/ishop2.loc/vendor/ishop/core/Router.php | Строка: 45
---------------------
[2019-02-15 14:53:19] Текст ошибки: Контроллер {app\controllers\PageController} не найден | Файл: /Applications/XAMPP/xamppfiles/docs/ishop2.loc/vendor/ishop/core/Router.php | Строка: 45
---------------------
[2019-02-15 14:53:35] Текст ошибки: Контроллер {app\controllers\PageController} не найден | Файл: /Applications/XAMPP/xamppfiles/docs/ishop2.loc/vendor/ishop/core/Router.php | Строка: 45
---------------------
[2019-02-15 14:54:03] Текст ошибки: Контроллер {app\controllers\PageController} не найден | Файл: /Applications/XAMPP/xamppfiles/docs/ishop2.loc/vendor/ishop/core/Router.php | Строка: 45
---------------------
[2019-02-15 14:54:03] Текст ошибки: Контроллер {app\controllers\PageController} не найден | Файл: /Applications/XAMPP/xamppfiles/docs/ishop2.loc/vendor/ishop/core/Router.php | Строка: 45
---------------------
[2019-02-15 14:54:03] Текст ошибки: Контроллер {app\controllers\PageController} не найден | Файл: /Applications/XAMPP/xamppfiles/docs/ishop2.loc/vendor/ishop/core/Router.php | Строка: 45
---------------------
[2019-02-15 14:54:04] Текст ошибки: Контроллер {app\controllers\PageController} не найден | Файл: /Applications/XAMPP/xamppfiles/docs/ishop2.loc/vendor/ishop/core/Router.php | Строка: 45
---------------------
[2019-02-15 14:54:09] Текст ошибки: Метод app\controllers\MainController::indexAction не найден | Файл: /Applications/XAMPP/xamppfiles/docs/ishop2.loc/vendor/ishop/core/Router.php | Строка: 42
---------------------
